[debug] [2022-08-25T16:58:11.589Z] ----------------------------------------------------------------------
[debug] [2022-08-25T16:58:11.591Z] Command:       C:\Program Files\nodejs\node.exe C:\Users\Hp\AppData\Roaming\npm\node_modules\firebase-tools\lib\bin\firebase.js emulators:start
[debug] [2022-08-25T16:58:11.591Z] CLI Version:   11.7.0
[debug] [2022-08-25T16:58:11.592Z] Platform:      win32
[debug] [2022-08-25T16:58:11.592Z] Node Version:  v16.16.0
[debug] [2022-08-25T16:58:11.593Z] Time:          Thu Aug 25 2022 22:28:11 GMT+0530 (India Standard Time)
[debug] [2022-08-25T16:58:11.593Z] ----------------------------------------------------------------------
[debug] 
[debug] [2022-08-25T16:58:11.684Z] > command requires scopes: ["email","openid","https://www.googleapis.com/auth/cloudplatformprojects.readonly","https://www.googleapis.com/auth/firebase","https://www.googleapis.com/auth/cloud-platform"]
[debug] [2022-08-25T16:58:11.685Z] > authorizing via signed-in user (zaynkoshyari1234@gmail.com)
[info] i  emulators: Starting emulators: functions, hosting {"metadata":{"emulator":{"name":"hub"},"message":"Starting emulators: functions, hosting"}}
[debug] [2022-08-25T16:58:11.720Z] [hub] writing locator at C:\Users\Hp\AppData\Local\Temp\hub-make-991f6.json
[warn] !  functions: The following emulators are not running, calls to these services from the Functions emulator will affect production: auth, firestore, database, pubsub, storage, eventarc {"metadata":{"emulator":{"name":"functions"},"message":"The following emulators are not running, calls to these services from the Functions emulator will affect production: \u001b[1mauth, firestore, database, pubsub, storage, eventarc\u001b[22m"}}
[info] +  functions: Using node@16 from host. {"metadata":{"emulator":{"name":"functions"},"message":"Using node@16 from host."}}
[debug] [2022-08-25T16:58:11.859Z] defaultcredentials: writing to file C:\Users\Hp\AppData\Roaming\firebase\zaynkoshyari1234_gmail_com_application_default_credentials.json
[debug] [2022-08-25T16:58:11.863Z] Setting GAC to C:\Users\Hp\AppData\Roaming\firebase\zaynkoshyari1234_gmail_com_application_default_credentials.json {"metadata":{"emulator":{"name":"functions"},"message":"Setting GAC to C:\\Users\\Hp\\AppData\\Roaming\\firebase\\zaynkoshyari1234_gmail_com_application_default_credentials.json"}}
[debug] [2022-08-25T16:58:11.868Z] >>> [apiv2][query] GET https://firebase.googleapis.com/v1beta1/projects/make-991f6/adminSdkConfig [none]
[debug] [2022-08-25T16:58:12.555Z] <<< [apiv2][status] GET https://firebase.googleapis.com/v1beta1/projects/make-991f6/adminSdkConfig 200
[debug] [2022-08-25T16:58:12.555Z] <<< [apiv2][body] GET https://firebase.googleapis.com/v1beta1/projects/make-991f6/adminSdkConfig {"projectId":"make-991f6","storageBucket":"make-991f6.appspot.com","locationId":"us-central"}
[debug] [2022-08-25T16:58:12.711Z] >>> [apiv2][query] GET https://firebasehosting.googleapis.com/v1beta1/projects/make-991f6/sites 
[debug] [2022-08-25T16:58:14.089Z] <<< [apiv2][status] GET https://firebasehosting.googleapis.com/v1beta1/projects/make-991f6/sites 200
[debug] [2022-08-25T16:58:14.089Z] <<< [apiv2][body] GET https://firebasehosting.googleapis.com/v1beta1/projects/make-991f6/sites {"sites":[{"name":"projects/make-991f6/sites/make-991f6","defaultUrl":"https://make-991f6.web.app","appId":"1:915507524893:web:87c0fe0576f50902baddf4","type":"DEFAULT_SITE"}]}
[debug] [2022-08-25T16:58:14.089Z] >>> [apiv2][query] GET https://firebase.googleapis.com/v1beta1/projects/make-991f6/webApps/1:915507524893:web:87c0fe0576f50902baddf4/config [none]
[debug] [2022-08-25T16:58:15.317Z] <<< [apiv2][status] GET https://firebase.googleapis.com/v1beta1/projects/make-991f6/webApps/1:915507524893:web:87c0fe0576f50902baddf4/config 200
[debug] [2022-08-25T16:58:15.317Z] <<< [apiv2][body] GET https://firebase.googleapis.com/v1beta1/projects/make-991f6/webApps/1:915507524893:web:87c0fe0576f50902baddf4/config {"projectId":"make-991f6","appId":"1:915507524893:web:87c0fe0576f50902baddf4","storageBucket":"make-991f6.appspot.com","locationId":"us-central","apiKey":"AIzaSyAyCQsOxZur87_b79fMalyw-xTPukZfMaA","authDomain":"make-991f6.firebaseapp.com","messagingSenderId":"915507524893","measurementId":"G-PQ72TW5CP5"}
[info] i  hosting: Serving hosting files from: build {"metadata":{"emulator":{"name":"hosting"},"message":"Serving hosting files from: \u001b[1mbuild\u001b[22m"}}
[info] +  hosting: Local server: http://localhost:5000 {"metadata":{"emulator":{"name":"hosting"},"message":"Local server: \u001b[4m\u001b[1mhttp://localhost:5000\u001b[22m\u001b[24m"}}
[debug] [2022-08-25T16:58:15.350Z] Ignoring unsupported arg: auto_download {"metadata":{"emulator":{"name":"ui"},"message":"Ignoring unsupported arg: auto_download"}}
[debug] [2022-08-25T16:58:15.351Z] Ignoring unsupported arg: port {"metadata":{"emulator":{"name":"ui"},"message":"Ignoring unsupported arg: port"}}
[debug] [2022-08-25T16:58:15.351Z] Starting Emulator UI with command {"binary":"node","args":["C:\\Users\\Hp\\.cache\\firebase\\emulators\\ui-v1.9.0\\server\\server.js"],"optionalArgs":[],"joinArgs":false} {"metadata":{"emulator":{"name":"ui"},"message":"Starting Emulator UI with command {\"binary\":\"node\",\"args\":[\"C:\\\\Users\\\\Hp\\\\.cache\\\\firebase\\\\emulators\\\\ui-v1.9.0\\\\server\\\\server.js\"],\"optionalArgs\":[],\"joinArgs\":false}"}}
[info] i  ui: Emulator UI logging to ui-debug.log {"metadata":{"emulator":{"name":"ui"},"message":"Emulator UI logging to \u001b[1mui-debug.log\u001b[22m"}}
[debug] [2022-08-25T16:58:15.532Z] Web / API server started at localhost:4000
 {"metadata":{"emulator":{"name":"ui"},"message":"Web / API server started at localhost:4000\n"}}
[info] i  functions: Watching "C:\Users\Hp\amazon-clone\functions" for Cloud Functions... {"metadata":{"emulator":{"name":"functions"},"message":"Watching \"C:\\Users\\Hp\\amazon-clone\\functions\" for Cloud Functions..."}}
[debug] [2022-08-25T16:58:15.626Z] Validating nodejs source
[debug] [2022-08-25T16:58:19.570Z] > [functions] package.json contents: {
  "name": "functions",
  "description": "Cloud Functions for Firebase",
  "scripts": {
    "lint": "eslint .",
    "serve": "firebase emulators:start --only functions",
    "shell": "firebase functions:shell",
    "start": "npm run shell",
    "deploy": "firebase deploy --only functions",
    "logs": "firebase functions:log"
  },
  "engines": {
    "node": "16"
  },
  "main": "index.js",
  "dependencies": {
    "express": "^4.18.1",
    "firebase-admin": "^10.0.2",
    "firebase-functions": "^3.18.0"
  },
  "devDependencies": {
    "eslint": "^8.9.0",
    "eslint-config-google": "^0.14.0",
    "firebase-functions-test": "^0.2.0"
  },
  "private": true
}
[debug] [2022-08-25T16:58:19.570Z] Building nodejs source
[debug] [2022-08-25T16:58:19.571Z] Analyzing nodejs backend spec
[debug] [2022-08-25T16:58:19.574Z] Could not find functions.yaml. Must use http discovery
[debug] [2022-08-25T16:58:19.842Z] Serving at port 9005

[debug] [2022-08-25T16:58:20.027Z] Got response from /__/functions.yaml {"endpoints":{"api":{"platform":"gcfv1","httpsTrigger":{},"entryPoint":"api"}},"specVersion":"v1alpha1","requiredAPIs":[]}
[debug] [2022-08-25T16:58:20.037Z] shutdown requested via /__/quitquitquit

[info] +  functions: Loaded functions definitions from source: api. {"metadata":{"emulator":{"name":"functions"},"message":"Loaded functions definitions from source: api."}}
[info] +  functions[us-central1-api]: http function initialized (http://localhost:5001/make-991f6/us-central1/api). {"metadata":{"emulator":{"name":"functions"},"message":"\u001b[1mhttp\u001b[22m function initialized (http://localhost:5001/make-991f6/us-central1/api)."}}
[info] 
┌─────────────────────────────────────────────────────────────┐
│ ✔  All emulators ready! It is now safe to connect your app. │
│ i  View Emulator UI at http://localhost:4000                │
└─────────────────────────────────────────────────────────────┘

┌───────────┬────────────────┬─────────────────────────────────┐
│ Emulator  │ Host:Port      │ View in Emulator UI             │
├───────────┼────────────────┼─────────────────────────────────┤
│ Functions │ localhost:5001 │ http://localhost:4000/functions │
├───────────┼────────────────┼─────────────────────────────────┤
│ Hosting   │ localhost:5000 │ n/a                             │
└───────────┴────────────────┴─────────────────────────────────┘
  Emulator Hub running at localhost:4400
  Other reserved ports: 4500

Issues? Report them at https://github.com/firebase/firebase-tools/issues and attach the *-debug.log files.
 
[debug] [2022-08-25T16:59:40.290Z] File C:\Users\Hp\amazon-clone\functions\index.js changed, reloading triggers {"metadata":{"emulator":{"name":"functions"},"message":"File C:\\Users\\Hp\\amazon-clone\\functions\\index.js changed, reloading triggers"}}
[debug] [2022-08-25T16:59:40.994Z] File C:\Users\Hp\amazon-clone\functions\index.js changed, reloading triggers {"metadata":{"emulator":{"name":"functions"},"message":"File C:\\Users\\Hp\\amazon-clone\\functions\\index.js changed, reloading triggers"}}
[debug] [2022-08-25T16:59:42.004Z] Validating nodejs source
[debug] [2022-08-25T16:59:46.613Z] > [functions] package.json contents: {
  "name": "functions",
  "description": "Cloud Functions for Firebase",
  "scripts": {
    "lint": "eslint .",
    "serve": "firebase emulators:start --only functions",
    "shell": "firebase functions:shell",
    "start": "npm run shell",
    "deploy": "firebase deploy --only functions",
    "logs": "firebase functions:log"
  },
  "engines": {
    "node": "16"
  },
  "main": "index.js",
  "dependencies": {
    "express": "^4.18.1",
    "firebase-admin": "^10.0.2",
    "firebase-functions": "^3.18.0"
  },
  "devDependencies": {
    "eslint": "^8.9.0",
    "eslint-config-google": "^0.14.0",
    "firebase-functions-test": "^0.2.0"
  },
  "private": true
}
[debug] [2022-08-25T16:59:46.613Z] Building nodejs source
[debug] [2022-08-25T16:59:46.614Z] Analyzing nodejs backend spec
[debug] [2022-08-25T16:59:46.615Z] [work-queue] {"queueLength":1,"workRunningCount":0}
[debug] [2022-08-25T16:59:46.616Z] [work-queue] {"queueLength":0,"workRunningCount":1}
[debug] [2022-08-25T16:59:46.616Z] Accepted request GET /make-991f6/us-central1/api --> us-central1-api
[debug] [2022-08-25T16:59:46.652Z] [worker-pool] addWorker(us-central1-api) {"metadata":{"emulator":{"name":"functions"},"message":"[worker-pool] addWorker(us-central1-api)"}}
[debug] [2022-08-25T16:59:46.652Z] [worker-pool] Adding worker with key us-central1-api, total=1 {"metadata":{"emulator":{"name":"functions"},"message":"[worker-pool] Adding worker with key us-central1-api, total=1"}}
[debug] [2022-08-25T16:59:46.652Z] [worker-pool] submitWork(triggerId=us-central1-api) {"metadata":{"emulator":{"name":"functions"},"message":"[worker-pool] submitWork(triggerId=us-central1-api)"}}
[debug] [2022-08-25T16:59:46.652Z] [worker-us-central1-api-4730b5b7-9239-4225-ba3c-9baf0e3b3c91]: BUSY {"metadata":{"emulator":{"name":"functions"},"message":"[worker-us-central1-api-4730b5b7-9239-4225-ba3c-9baf0e3b3c91]: BUSY"}}
[debug] [2022-08-25T16:59:46.653Z] Could not find functions.yaml. Must use http discovery
[debug] [2022-08-25T16:59:47.051Z] Serving at port 9005

[debug] [2022-08-25T16:59:47.262Z] Got response from /__/functions.yaml {"endpoints":{"api":{"platform":"gcfv1","httpsTrigger":{},"entryPoint":"api"}},"specVersion":"v1alpha1","requiredAPIs":[]}
[debug] [2022-08-25T16:59:47.268Z] shutdown requested via /__/quitquitquit

[info] +  functions: Loaded functions definitions from source: api. {"metadata":{"emulator":{"name":"functions"},"message":"Loaded functions definitions from source: api."}}
[debug] [2022-08-25T16:59:47.288Z] [worker-pool] Marking BUSY worker to finish (us-central1-api) {"metadata":{"emulator":{"name":"functions"},"message":"[worker-pool] Marking BUSY worker to finish (us-central1-api)"}}
[debug] [2022-08-25T16:59:47.289Z] [worker-us-central1-api-4730b5b7-9239-4225-ba3c-9baf0e3b3c91]: FINISHING {"metadata":{"emulator":{"name":"functions"},"message":"[worker-us-central1-api-4730b5b7-9239-4225-ba3c-9baf0e3b3c91]: FINISHING"}}
[debug] [2022-08-25T16:59:48.256Z] [runtime-status] [21008] Resolved module firebase-admin {"declared":true,"installed":true,"version":"10.3.0","resolution":"C:\\Users\\Hp\\amazon-clone\\functions\\node_modules\\firebase-admin\\lib\\index.js"} {"metadata":{"emulator":{"name":"functions"},"function":{"name":"us-central1-api"},"extension":{},"message":"[runtime-status] [21008] Resolved module firebase-admin {\"declared\":true,\"installed\":true,\"version\":\"10.3.0\",\"resolution\":\"C:\\\\Users\\\\Hp\\\\amazon-clone\\\\functions\\\\node_modules\\\\firebase-admin\\\\lib\\\\index.js\"}"}}
[debug] [2022-08-25T16:59:48.257Z] [runtime-status] [21008] Resolved module firebase-functions {"declared":true,"installed":true,"version":"3.22.0","resolution":"C:\\Users\\Hp\\amazon-clone\\functions\\node_modules\\firebase-functions\\lib\\index.js"} {"metadata":{"emulator":{"name":"functions"},"function":{"name":"us-central1-api"},"extension":{},"message":"[runtime-status] [21008] Resolved module firebase-functions {\"declared\":true,\"installed\":true,\"version\":\"3.22.0\",\"resolution\":\"C:\\\\Users\\\\Hp\\\\amazon-clone\\\\functions\\\\node_modules\\\\firebase-functions\\\\lib\\\\index.js\"}"}}
[debug] [2022-08-25T16:59:48.258Z] [runtime-status] [21008] Outgoing network have been stubbed. [{"name":"http","status":"mocked"},{"name":"http","status":"mocked"},{"name":"https","status":"mocked"},{"name":"https","status":"mocked"},{"name":"net","status":"mocked"}] {"metadata":{"emulator":{"name":"functions"},"function":{"name":"us-central1-api"},"extension":{},"message":"[runtime-status] [21008] Outgoing network have been stubbed. [{\"name\":\"http\",\"status\":\"mocked\"},{\"name\":\"http\",\"status\":\"mocked\"},{\"name\":\"https\",\"status\":\"mocked\"},{\"name\":\"https\",\"status\":\"mocked\"},{\"name\":\"net\",\"status\":\"mocked\"}]"}}
[debug] [2022-08-25T16:59:48.260Z] [runtime-status] [21008] Resolved module firebase-functions {"declared":true,"installed":true,"version":"3.22.0","resolution":"C:\\Users\\Hp\\amazon-clone\\functions\\node_modules\\firebase-functions\\lib\\index.js"} {"metadata":{"emulator":{"name":"functions"},"function":{"name":"us-central1-api"},"extension":{},"message":"[runtime-status] [21008] Resolved module firebase-functions {\"declared\":true,\"installed\":true,\"version\":\"3.22.0\",\"resolution\":\"C:\\\\Users\\\\Hp\\\\amazon-clone\\\\functions\\\\node_modules\\\\firebase-functions\\\\lib\\\\index.js\"}"}}
[debug] [2022-08-25T16:59:48.322Z] [runtime-status] [21008] Checked functions.config() {"config":{}} {"metadata":{"emulator":{"name":"functions"},"function":{"name":"us-central1-api"},"extension":{},"message":"[runtime-status] [21008] Checked functions.config() {\"config\":{}}"}}
[debug] [2022-08-25T16:59:48.322Z] [runtime-status] [21008] firebase-functions has been stubbed. {"functionsResolution":{"declared":true,"installed":true,"version":"3.22.0","resolution":"C:\\Users\\Hp\\amazon-clone\\functions\\node_modules\\firebase-functions\\lib\\index.js"}} {"metadata":{"emulator":{"name":"functions"},"function":{"name":"us-central1-api"},"extension":{},"message":"[runtime-status] [21008] firebase-functions has been stubbed. {\"functionsResolution\":{\"declared\":true,\"installed\":true,\"version\":\"3.22.0\",\"resolution\":\"C:\\\\Users\\\\Hp\\\\amazon-clone\\\\functions\\\\node_modules\\\\firebase-functions\\\\lib\\\\index.js\"}}"}}
[debug] [2022-08-25T16:59:48.324Z] [runtime-status] [21008] Resolved module firebase-functions {"declared":true,"installed":true,"version":"3.22.0","resolution":"C:\\Users\\Hp\\amazon-clone\\functions\\node_modules\\firebase-functions\\lib\\index.js"} {"metadata":{"emulator":{"name":"functions"},"function":{"name":"us-central1-api"},"extension":{},"message":"[runtime-status] [21008] Resolved module firebase-functions {\"declared\":true,\"installed\":true,\"version\":\"3.22.0\",\"resolution\":\"C:\\\\Users\\\\Hp\\\\amazon-clone\\\\functions\\\\node_modules\\\\firebase-functions\\\\lib\\\\index.js\"}"}}
[debug] [2022-08-25T16:59:48.325Z] [runtime-status] [21008] Resolved module firebase-admin {"declared":true,"installed":true,"version":"10.3.0","resolution":"C:\\Users\\Hp\\amazon-clone\\functions\\node_modules\\firebase-admin\\lib\\index.js"} {"metadata":{"emulator":{"name":"functions"},"function":{"name":"us-central1-api"},"extension":{},"message":"[runtime-status] [21008] Resolved module firebase-admin {\"declared\":true,\"installed\":true,\"version\":\"10.3.0\",\"resolution\":\"C:\\\\Users\\\\Hp\\\\amazon-clone\\\\functions\\\\node_modules\\\\firebase-admin\\\\lib\\\\index.js\"}"}}
[debug] [2022-08-25T16:59:48.328Z] [runtime-status] [21008] Resolved module firebase-functions {"declared":true,"installed":true,"version":"3.22.0","resolution":"C:\\Users\\Hp\\amazon-clone\\functions\\node_modules\\firebase-functions\\lib\\index.js"} {"metadata":{"emulator":{"name":"functions"},"function":{"name":"us-central1-api"},"extension":{},"message":"[runtime-status] [21008] Resolved module firebase-functions {\"declared\":true,\"installed\":true,\"version\":\"3.22.0\",\"resolution\":\"C:\\\\Users\\\\Hp\\\\amazon-clone\\\\functions\\\\node_modules\\\\firebase-functions\\\\lib\\\\index.js\"}"}}
[debug] [2022-08-25T16:59:48.328Z] [runtime-status] [21008] firebase-admin has been stubbed. {"adminResolution":{"declared":true,"installed":true,"version":"10.3.0","resolution":"C:\\Users\\Hp\\amazon-clone\\functions\\node_modules\\firebase-admin\\lib\\index.js"}} {"metadata":{"emulator":{"name":"functions"},"function":{"name":"us-central1-api"},"extension":{},"message":"[runtime-status] [21008] firebase-admin has been stubbed. {\"adminResolution\":{\"declared\":true,\"installed\":true,\"version\":\"10.3.0\",\"resolution\":\"C:\\\\Users\\\\Hp\\\\amazon-clone\\\\functions\\\\node_modules\\\\firebase-admin\\\\lib\\\\index.js\"}}"}}
[debug] [2022-08-25T16:59:48.329Z] [runtime-status] [21008] Functions runtime initialized. {"cwd":"C:\\Users\\Hp\\amazon-clone\\functions","node_version":"16.16.0"} {"metadata":{"emulator":{"name":"functions"},"function":{"name":"us-central1-api"},"extension":{},"message":"[runtime-status] [21008] Functions runtime initialized. {\"cwd\":\"C:\\\\Users\\\\Hp\\\\amazon-clone\\\\functions\",\"node_version\":\"16.16.0\"}"}}
[debug] [2022-08-25T16:59:48.539Z] [runtime-status] [21008] Beginning invocation function api! {"metadata":{"emulator":{"name":"functions"},"function":{"name":"us-central1-api"},"extension":{},"message":"[runtime-status] [21008] Beginning invocation function api!"}}
[info] i  functions: Beginning execution of "api" {"metadata":{"emulator":{"name":"functions"},"function":{"name":"us-central1-api"},"extension":{},"message":"Beginning execution of \"api\""}}
[debug] [2022-08-25T16:59:48.542Z] [runtime-status] [21008] Running api in signature http {"metadata":{"emulator":{"name":"functions"},"function":{"name":"us-central1-api"},"extension":{},"message":"[runtime-status] [21008] Running api in signature http"}}
[debug] [2022-08-25T16:59:48.550Z] [runtime-status] [21008] Listening to port: \\?\pipe\fire_emu_71e9ab90fe27841f {"metadata":{"emulator":{"name":"functions"},"function":{"name":"us-central1-api"},"extension":{},"message":"[runtime-status] [21008] Listening to port: \\\\?\\pipe\\fire_emu_71e9ab90fe27841f"}}
[debug] [2022-08-25T16:59:48.649Z] [functions] Runtime ready! Sending request! {"metadata":{"emulator":{"name":"functions"},"message":"[functions] Runtime ready! Sending request!"}}
[debug] [2022-08-25T16:59:48.650Z] [functions] Got req.url=/make-991f6/us-central1/api, mapping to path=/ {"metadata":{"emulator":{"name":"functions"},"message":"[functions] Got req.url=/make-991f6/us-central1/api, mapping to path=/"}}
[debug] [2022-08-25T16:59:48.651Z] [runtime-status] [21008] Ephemeral server handling GET request {"metadata":{"emulator":{"name":"functions"},"function":{"name":"us-central1-api"},"extension":{},"message":"[runtime-status] [21008] Ephemeral server handling GET request"}}
[debug] [2022-08-25T16:59:48.658Z] [runtime-status] [21008] Ephemeral server survived. {"metadata":{"emulator":{"name":"functions"},"function":{"name":"us-central1-api"},"extension":{},"message":"[runtime-status] [21008] Ephemeral server survived."}}
[info] i  functions: Finished "api" in ~1s {"metadata":{"emulator":{"name":"functions"},"function":{"name":"us-central1-api"},"extension":{},"message":"Finished \"api\" in ~1s"}}
[debug] [2022-08-25T16:59:48.661Z] [worker-us-central1-api-4730b5b7-9239-4225-ba3c-9baf0e3b3c91]: IDLE --> FINISHING {"metadata":{"emulator":{"name":"functions"},"message":"[worker-us-central1-api-4730b5b7-9239-4225-ba3c-9baf0e3b3c91]: IDLE --> FINISHING"}}
[debug] [2022-08-25T16:59:48.687Z] [worker-us-central1-api-4730b5b7-9239-4225-ba3c-9baf0e3b3c91]: exited {"metadata":{"emulator":{"name":"functions"},"message":"[worker-us-central1-api-4730b5b7-9239-4225-ba3c-9baf0e3b3c91]: exited"}}
[debug] [2022-08-25T16:59:48.687Z] [worker-us-central1-api-4730b5b7-9239-4225-ba3c-9baf0e3b3c91]: FINISHED {"metadata":{"emulator":{"name":"functions"},"message":"[worker-us-central1-api-4730b5b7-9239-4225-ba3c-9baf0e3b3c91]: FINISHED"}}
[debug] [2022-08-25T16:59:48.688Z] [work-queue] {"queueLength":0,"workRunningCount":0}
[debug] [2022-08-25T16:59:48.780Z] Functions emulator received unknown request at path /favicon.ico
